1564509049.982880 client started (14918): version 2.6, socket /tmp/tmux-1000/default, protocol 8
1564509049.982901 on Linux 4.15.0-54-generic #58-Ubuntu SMP Mon Jun 24 10:55:24 UTC 2019; libevent 2.1.8-stable (poll)
1564509049.982910 socket is /tmp/tmux-1000/default
1564509049.982916 trying connect
1564509049.982952 add peer 0x55d800eeace0: 6 ((nil))
1564509049.982975 sending message 100 to peer 0x55d800eeace0 (4 bytes)
1564509049.982979 sending message 101 to peer 0x55d800eeace0 (15 bytes)
1564509049.982982 sending message 102 to peer 0x55d800eeace0 (11 bytes)
1564509049.982984 sending message 108 to peer 0x55d800eeace0 (20 bytes)
1564509049.982987 sending message 104 to peer 0x55d800eeace0 (0 bytes)
1564509049.982989 sending message 107 to peer 0x55d800eeace0 (4 bytes)
1564509049.982992 sending message 105 to peer 0x55d800eeace0 (23 bytes)
1564509049.982995 sending message 105 to peer 0x55d800eeace0 (29 bytes)
1564509049.982997 sending message 105 to peer 0x55d800eeace0 (11 bytes)
1564509049.983000 sending message 105 to peer 0x55d800eeace0 (28 bytes)
1564509049.983003 sending message 105 to peer 0x55d800eeace0 (66 bytes)
1564509049.983006 sending message 105 to peer 0x55d800eeace0 (16 bytes)
1564509049.983010 sending message 105 to peer 0x55d800eeace0 (20 bytes)
1564509049.983013 sending message 105 to peer 0x55d800eeace0 (15 bytes)
1564509049.983017 sending message 105 to peer 0x55d800eeace0 (17 bytes)
1564509049.983020 sending message 105 to peer 0x55d800eeace0 (46 bytes)
1564509049.983024 sending message 105 to peer 0x55d800eeace0 (12 bytes)
1564509049.983027 sending message 105 to peer 0x55d800eeace0 (32 bytes)
1564509049.983030 sending message 105 to peer 0x55d800eeace0 (3240 bytes)
1564509049.983037 sending message 105 to peer 0x55d800eeace0 (19 bytes)
1564509049.983039 sending message 105 to peer 0x55d800eeace0 (26 bytes)
1564509049.983042 sending message 105 to peer 0x55d800eeace0 (27 bytes)
1564509049.983044 sending message 105 to peer 0x55d800eeace0 (213 bytes)
1564509049.983047 sending message 105 to peer 0x55d800eeace0 (165 bytes)
1564509049.983049 sending message 105 to peer 0x55d800eeace0 (34 bytes)
1564509049.983052 sending message 105 to peer 0x55d800eeace0 (24 bytes)
1564509049.983054 sending message 105 to peer 0x55d800eeace0 (13 bytes)
1564509049.983056 sending message 105 to peer 0x55d800eeace0 (15 bytes)
1564509049.983059 sending message 105 to peer 0x55d800eeace0 (8 bytes)
1564509049.983061 sending message 105 to peer 0x55d800eeace0 (62 bytes)
1564509049.983064 sending message 105 to peer 0x55d800eeace0 (25 bytes)
1564509049.983066 sending message 105 to peer 0x55d800eeace0 (34 bytes)
1564509049.983069 sending message 105 to peer 0x55d800eeace0 (53 bytes)
1564509049.983071 sending message 105 to peer 0x55d800eeace0 (19 bytes)
1564509049.983074 sending message 105 to peer 0x55d800eeace0 (20 bytes)
1564509049.983076 sending message 105 to peer 0x55d800eeace0 (12 bytes)
1564509049.983078 sending message 105 to peer 0x55d800eeace0 (36 bytes)
1564509049.983081 sending message 105 to peer 0x55d800eeace0 (47 bytes)
1564509049.983083 sending message 105 to peer 0x55d800eeace0 (35 bytes)
1564509049.983086 sending message 105 to peer 0x55d800eeace0 (14 bytes)
1564509049.983088 sending message 105 to peer 0x55d800eeace0 (9 bytes)
1564509049.983091 sending message 105 to peer 0x55d800eeace0 (31 bytes)
1564509049.983093 sending message 105 to peer 0x55d800eeace0 (17 bytes)
1564509049.983095 sending message 105 to peer 0x55d800eeace0 (16 bytes)
1564509049.983098 sending message 105 to peer 0x55d800eeace0 (32 bytes)
1564509049.983100 sending message 105 to peer 0x55d800eeace0 (19 bytes)
1564509049.983103 sending message 105 to peer 0x55d800eeace0 (25 bytes)
1564509049.983105 sending message 105 to peer 0x55d800eeace0 (26 bytes)
1564509049.983108 sending message 105 to peer 0x55d800eeace0 (16 bytes)
1564509049.983110 sending message 106 to peer 0x55d800eeace0 (0 bytes)
1564509049.983113 sending message 200 to peer 0x55d800eeace0 (4 bytes)
1564509049.983115 client loop enter
1564509049.983586 peer 0x55d800eeace0 message 211
1564509049.983605 peer 0x55d800eeace0 message 203
1564509049.983608 client loop exit
